Start Time	Nearest Frame	TCon	NTCon	Target	Time Post Flip	TOnset/Offset?	Target Off Debug List
0.000303801993141	0.0	0.8	0.8	1.0	0.0162666409597	0.683917141476	None	
0.0166992328741	0.0166666666667	0.8	0.8	1.0	0.0337619219499	None	None	
0.0341719953867	0.0333333333333	0.8	0.8	1.0	0.0496698474308	None	None	
0.0500194765045	0.05	0.8	0.8	1.0	0.0663260186411	None	None	
0.0666317959403	0.0666666666667	0.8	0.8	1.0	0.0827961160685	None	None	
0.0831903870567	0.0833333333333	-0.8	-0.8	0.0	0.0994479416113	0.767115034687	[0.6839171414758312, 0.7671150346868671, 0.08319789321103599, 0.016666666666666666, 0.08333333333333333, 0.06666666666666667]	
0.0998177188012	0.1	-0.8	-0.8	0.0	0.116125446119	None	None	
0.116485741848	0.116666666667	-0.8	-0.8	0.0	0.132869715962	None	None	
0.133305468349	0.133333333333	-0.8	-0.8	0.0	0.149618726529	None	None	
0.150056849292	0.15	-0.8	-0.8	0.0	0.165999540142	None	None	
0.166350354411	0.166666666667	0.8	0.8	0.0	0.182903414665	None	None	
0.183235661054	0.183333333333	0.8	0.8	0.0	0.199528376048	None	None	
0.199853906408	0.2	0.8	0.8	0.0	0.216267115029	None	None	
0.216653879848	0.216666666667	0.8	0.8	0.0	0.232797656805	None	None	
0.233145310587	0.233333333333	0.8	0.8	0.0	0.24977856825	None	None	
0.25006735792	0.25	-0.8	-0.8	0.0	0.26619098676	None	None	
0.266593949083	0.266666666667	-0.8	-0.8	0.0	0.283412885474	None	None	
0.283719847939	0.283333333333	-0.8	-0.8	0.0	0.299517551379	None	None	
0.299876266858	0.3	-0.8	-0.8	0.0	0.316308438429	None	None	
0.316694808178	0.316666666667	-0.8	-0.8	0.0	0.333171621649	None	None	
0.333592361727	0.333333333333	0.8	0.8	0.0	0.350255248981	None	None	
0.35064161873	0.35	0.8	0.8	0.0	0.366171470741	None	None	
0.366514383772	0.366666666667	0.8	0.8	0.0	0.383144085892	None	None	
0.383584183961	0.383333333333	0.8	0.8	0.0	0.399791960823	None	None	
0.400100108483	0.4	0.8	0.8	0.0	0.416504625769	None	None	
0.416796575926	0.416666666667	-0.8	-0.8	0.0	0.433225982066	None	None	
0.43362183329	0.433333333333	-0.8	-0.8	0.0	0.450025560451	None	None	
0.450379140137	0.45	-0.8	-0.8	0.0	0.466467213482	None	None	
0.466759558694	0.466666666667	-0.8	-0.8	0.0	0.483360421349	None	None	
0.48373296397	0.483333333333	-0.8	-0.8	0.0	0.499871210079	None	None	
0.500190814506	0.5	0.8	0.8	0.0	0.51636619636	None	None	
0.51667276377	0.516666666667	0.8	0.8	0.0	0.532767948214	None	None	
0.533118367413	0.533333333333	0.8	0.8	0.0	0.54946125517	None	None	
0.549855131088	0.55	0.8	0.8	0.0	0.566308240886	None	None	
0.56667643784	0.566666666667	0.8	0.8	0.0	0.583018535472	None	None	
0.58349379398	0.583333333333	-0.8	-0.8	0.0	0.599683002962	None	None	
0.6000239407	0.6	-0.8	-0.8	0.0	0.616386186448	None	None	
0.616702630388	0.616666666667	-0.8	-0.8	0.0	0.632890259134	None	None	
0.633231986983	0.633333333333	-0.8	-0.8	0.0	0.649856158256	None	None	
0.650295071129	0.65	-0.8	-0.8	0.0	0.66621168796	None	None	
0.666544329404	0.666666666667	0.8	0.8	0.0	0.683204451227	None	None	
0.683550919814	0.683333333333	0.8	0.8	0.0	0.699593561134	None	None	
0.699952276613	0.7	0.8	0.8	0.0	0.716310966818	None	None	
0.716612398435	0.716666666667	0.8	0.8	0.0	0.733243680792	None	None	
0.733653754229	0.733333333333	0.8	0.8	0.0	0.749338470181	None	None	
0.749656099302	0.75	-0.8	-0.8	0.0	0.766514936869	None	None	
0.766839282034	0.766666666667	-0.8	-0.8	0.0	0.782785528441	None	None	
0.783100787201	0.783333333333	-0.8	-0.8	0.0	0.799832020013	None	None	
0.800122784989	0.8	-0.8	-0.8	0.0	0.816763548821	None	None	
0.817056684158	0.816666666667	-0.8	-0.8	0.0	0.833460411319	None	None	
0.833835719372	0.833333333333	0.8	0.8	0.0	0.849567842655	None	None	
0.849917866799	0.85	0.8	0.8	0.0	0.866510828229	None	None	
0.866802383316	0.866666666667	0.8	0.8	0.0	0.883252727697	None	None	
0.883657270271	0.883333333333	0.8	0.8	0.0	0.899598380885	None	None	
0.899920355674	0.9	0.8	0.8	0.0	0.916463539412	None	None	
0.916813958611	0.916666666667	-0.8	-0.8	0.0	0.932905982569	None	None	
0.933233883276	0.933333333333	-0.8	-0.8	0.0	0.949580721644	None	None	
0.950035436981	0.95	-0.8	-0.8	0.0	0.966693978553	None	None	
0.967155014863	0.966666666667	-0.8	-0.8	0.0	0.982980767629	None	None	
0.983290890596	0.983333333333	-0.8	-0.8	0.0	0.999653926468	None	None	
0.999999209875	1.0	0.8	0.8	0.0	1.0168339487	None	None	
1.01716540498	1.01666666667	0.8	0.8	0.0	1.03306503416	None	None	
1.03339253982	1.03333333333	0.8	0.8	0.0	1.04976821765	None	None	
1.05016130344	1.05	0.8	0.8	0.0	1.06658083305	None	None	
1.06687436346	1.06666666667	0.8	0.8	0.0	1.08278031363	None	None	
1.08313902911	1.08333333333	-0.8	-0.8	0.0	1.09976003988	None	None	
1.10005317522	1.1	-0.8	-0.8	0.0	1.11636801364	None	None	
1.11667971686	1.11666666667	-0.8	-0.8	0.0	1.13305460455	None	None	
1.13342240643	1.13333333333	-0.8	-0.8	0.0	1.14960687469	None	None	
1.14995966425	1.15	-0.8	-0.8	0.0	1.16616902137	None	None	
1.16648823074	1.16666666667	0.8	0.8	0.0	1.18329175973	None	None	
1.1836923517	1.18333333333	0.8	0.8	0.0	1.19938022814	None	None	
1.19976422752	1.2	0.8	0.8	0.0	1.21657802812	None	None	
1.21691303994	1.21666666667	0.8	0.8	0.0	1.23289128629	None	None	
1.2332456561	1.23333333333	0.8	0.8	0.0	1.24961777838	None	None	
1.24992355568	1.25	-0.8	-0.8	0.0	1.26660896141	None	None	
1.26691710907	1.26666666667	-0.8	-0.8	0.0	1.28324854004	None	None	
1.28358157656	1.28333333333	-0.8	-0.8	0.0	1.30002125428	None	None	
1.30034520439	1.3	-0.8	-0.8	0.0	1.3163981173	None	None	
1.31678922779	1.31666666667	-0.8	-0.8	0.0	1.33296302939	None	None	
1.33339641141	1.33333333333	0.8	0.8	0.0	1.35003243451	None	None	
1.35036942163	1.35	0.8	0.8	0.0	1.36632080383	None	None	
1.36664356876	1.36666666667	0.8	0.8	0.0	1.38285727153	None	None	
1.38334912261	1.38333333333	0.8	0.8	0.0	1.39957546734	None	None	
1.3998978372	1.4	0.8	0.8	0.0	1.41645840362	None	None	
1.41685267461	1.41666666667	-0.8	-0.8	0.0	1.43321175985	None	None	
1.43364790732	1.43333333333	-0.8	-0.8	0.0	1.45038980679	None	None	
1.45099227497	1.45	-0.8	-0.8	0.0	1.46607333756	None	None	
1.46637121364	1.46666666667	-0.8	-0.8	0.0	1.48300921204	None	None	
1.48330906341	1.48333333333	-0.8	-0.8	0.0	1.49954330936	None	None	
1.49983881507	1.5	0.8	0.8	0.0	1.51625439407	None	None	
1.51661113424	1.51666666667	0.8	0.8	0.0	1.53269683721	None	None	
1.53310335509	1.53333333333	0.8	0.8	0.0	1.54953039087	None	None	
1.54993058776	1.55	0.8	0.8	0.0	1.56646784558	None	None	
1.56675940068	1.56666666667	0.8	0.8	0.0	1.5827917704	None	None	
1.58312480692	1.58333333333	-0.8	-0.8	0.0	1.59939658367	None	None	
1.59982759533	1.6	-0.8	-0.8	0.0	1.61673739577	None	None	
1.61704672861	1.61666666667	-0.8	-0.8	0.0	1.63350339397	None	None	
1.63394981301	1.63333333333	-0.8	-0.8	0.0	1.64956894882	None	None	
1.64989171375	1.65	-0.8	-0.8	0.0	1.66674620564	None	None	
1.66710531617	1.66666666667	0.8	0.8	0.0	1.68324553758	None	None	
1.68359042594	1.68333333333	0.8	0.8	0.0	1.69951889459	None	None	
1.69987800512	1.7	0.8	0.8	0.0	1.71663570704	None	None	
1.71694266952	1.71666666667	0.8	0.8	0.0	1.73329227332	None	None	
1.73369681588	1.73333333333	0.8	0.8	0.0	1.74945501321	None	None	
1.7498085929	1.75	-0.8	-0.8	0.0	1.76615187571	None	None	
1.76650782576	1.76666666667	-0.8	-0.8	0.0	1.78280883704	None	None	
1.78314424392	1.78333333333	-0.8	-0.8	0.0	1.79974747694	None	None	
1.80006115546	1.8	-0.8	-0.8	0.0	1.81651031465	None	None	
1.81686705482	1.81666666667	-0.8	-0.8	0.0	1.8327445606	None	None	
1.83305428851	1.83333333333	0.8	0.8	0.0	1.84972981771	None	None	
1.85009485416	1.85	0.8	0.8	0.0	1.86630618658	None	None	
1.86661038363	1.86666666667	0.8	0.8	0.0	1.88279327164	None	None	
1.88312986369	1.88333333333	0.8	0.8	0.0	1.89942889966	None	None	
1.89981684968	1.9	0.8	0.8	0.0	1.91676339079	None	None	
1.91707667425	1.91666666667	-0.8	-0.8	0.0	1.93270292116	None	None	
1.93308494525	1.93333333333	-0.8	-0.8	0.0	1.94951869706	None	None	
1.94986200516	1.95	-0.8	-0.8	0.0	1.96689545971	None	None	
1.96728301466	1.96666666667	-0.8	-0.8	0.0	1.98262600276	None	None	
1.9829740516	1.98333333333	-0.8	-0.8	0.0	1.9993916059	None	None	
1.99978113614	2.0	0.8	0.8	1.0	2.01656333185	2.68422884468	None	
2.01697261515	2.01666666667	0.8	0.8	1.0	2.03259451639	None	None	
2.03290266405	2.03333333333	0.8	0.8	1.0	2.04930007024	None	None	
2.04966076103	2.05	0.8	0.8	1.0	2.06609727826	None	None	
2.06642833947	2.06666666667	0.8	0.8	1.0	2.08266969652	None	None	
2.08308767117	2.08333333333	-0.8	-0.8	0.0	2.09977426208	2.76744175023	[2.684228844678728, 2.76744175022759, 0.08321290554886218, 2.0166666666666666, 2.0833333333333335, 0.06666666666666687]	
2.1001396936	2.1	-0.8	-0.8	0.0	2.11689779058	None	None	
2.11719685183	2.11666666667	-0.8	-0.8	0.0	2.13260739538	None	None	
2.1329870491	2.13333333333	-0.8	-0.8	0.0	2.14980005957	None	None	
2.150119664	2.15	-0.8	-0.8	0.0	2.16615874977	None	None	
2.16647479865	2.16666666667	0.8	0.8	0.0	2.18278173584	None	None	
2.18315032785	2.18333333333	0.8	0.8	0.0	2.19949440079	None	None	
2.19988393104	2.2	0.8	0.8	0.0	2.21650494181	None	None	
2.21679610186	2.21666666667	0.8	0.8	0.0	2.23333335966	None	None	
2.23376990219	2.23333333333	0.8	0.8	0.0	2.24953402542	None	None	
2.24987417304	2.25	-0.8	-0.8	0.0	2.26613133254	None	None	
2.26644975178	2.26666666667	-0.8	-0.8	0.0	2.28306681194	None	None	
2.28349782361	2.28333333333	-0.8	-0.8	0.0	2.30017493306	None	None	
2.3005391794	2.3	-0.8	-0.8	0.0	2.3166276478	None	None	
2.31692117819	2.31666666667	-0.8	-0.8	0.0	2.33288678259	None	None	
2.33332411524	2.33333333333	0.8	0.8	0.0	2.34967055854	None	None	
2.35002887897	2.35	0.8	0.8	0.0	2.36646579126	None	None	
2.36675734636	2.36666666667	0.8	0.8	0.0	2.38333450534	None	None	
2.38371968993	2.38333333333	0.8	0.8	0.0	2.39952845506	None	None	
2.39987492365	2.4	0.8	0.8	0.0	2.41602225616	None	None	
2.41634146553	2.41666666667	-0.8	-0.8	0.0	2.43290598257	None	None	
2.43323032773	2.43333333333	-0.8	-0.8	0.0	2.44935277139	None	None	
2.44978417811	2.45	-0.8	-0.8	0.0	2.46630049769	None	None	
2.46659797871	2.46666666667	-0.8	-0.8	0.0	2.4833853102	None	None	
2.48381987742	2.48333333333	-0.8	-0.8	0.0	2.49944691446	None	None	
2.4997937781	2.5	0.8	0.8	0.0	2.51647286286	None	None	
2.51681696107	2.51666666667	0.8	0.8	0.0	2.53291412082	None	None	
2.5332443919	2.53333333333	0.8	0.8	0.0	2.54959794632	None	None	
2.5499282174	2.55	0.8	0.8	0.0	2.56655278371	None	None	
2.56684354869	2.56666666667	0.8	0.8	0.0	2.58326663385	None	None	
2.58369685539	2.58333333333	-0.8	-0.8	0.0	2.59946216381	None	None	
2.59984023729	2.6	-0.8	-0.8	0.0	2.61651339612	None	None	
2.61680297591	2.61666666667	-0.8	-0.8	0.0	2.66889178249	None	None	
2.66930541146	2.66666666667	0.8	0.8	0.0	2.68335220408	None	None	
2.68369274675	2.68333333333	0.8	0.8	0.0	2.69923366047	None	None	
2.69966032646	2.7	0.8	0.8	0.0	2.71653654671	None	None	
2.71685931162	2.71666666667	0.8	0.8	0.0	2.73292131093	None	None	
2.73331400167	2.73333333333	0.8	0.8	0.0	2.74944316137	None	None	
2.74980740772	2.75	-0.8	-0.8	0.0	2.76599938213	None	None	
2.76641933208	2.76666666667	-0.8	-0.8	0.0	2.78271520756	None	None	
2.78305891072	2.78333333333	-0.8	-0.8	0.0	2.79930579863	None	None	
2.79968624246	2.8	-0.8	-0.8	0.0	2.81595683403	None	None	
2.81630409275	2.81666666667	-0.8	-0.8	0.0	2.83244312898	None	None	
2.83276510377	2.83333333333	0.8	0.8	0.0	2.84952715137	None	None	
2.84985307677	2.85	0.8	0.8	0.0	2.86609838443	None	None	
2.86645512462	2.86666666667	0.8	0.8	0.0	2.88276482723	None	None	
2.88320887591	2.88333333333	0.8	0.8	0.0	2.89926573943	None	None	
2.89962484998	2.9	0.8	0.8	0.0	2.91600526853	None	None	
2.91635529268	2.91666666667	-0.8	-0.8	0.0	2.93283171108	None	None	
2.93323111786	2.93333333333	-0.8	-0.8	0.0	2.94923425306	None	None	
2.94959770927	2.95	-0.8	-0.8	0.0	2.96621872004	None	None	
2.96660904042	2.96666666667	-0.8	-0.8	0.0	2.98282550862	None	None	
2.98314313775	2.98333333333	-0.8	-0.8	0.0	2.99921264322	None	None	
2.99961402529	3.0	0.8	0.8	0.0	3.01592925878	None	None	
3.01621923363	3.01666666667	0.8	0.8	0.0	3.03289634308	None	None	
3.03323491044	3.03333333333	0.8	0.8	0.0	3.04964179809	None	None	
3.04993295812	3.05	0.8	0.8	0.0	3.06657885775	None	None	
3.06696483245	3.06666666667	0.8	0.8	0.0	3.08277478277	None	None	
3.08312125136	3.08333333333	-0.8	-0.8	0.0	3.09944043544	None	None	
3.09975332384	3.1	-0.8	-0.8	0.0	3.11639606298	None	None	
3.11682351909	3.11666666667	-0.8	-0.8	0.0	3.13306606133	None	None	
3.1333588016	3.13333333333	-0.8	-0.8	0.0	3.14929280111	None	None	
3.1498526027	3.15	-0.8	-0.8	0.0	3.16627687305	None	None	
3.16656961331	3.16666666667	0.8	0.8	0.0	3.18276435316	None	None	
3.18315664884	3.18333333333	0.8	0.8	0.0	3.19941815401	None	None	
3.19979069663	3.2	0.8	0.8	0.0	3.21677239818	None	None	
3.21706869401	3.21666666667	0.8	0.8	0.0	3.23267163232	None	None	
3.23298412566	3.23333333333	0.8	0.8	0.0	3.24966716101	None	None	
3.24995871611	3.25	-0.8	-0.8	0.0	3.26649360356	None	None	
3.26680530678	3.26666666667	-0.8	-0.8	0.0	3.28287876285	None	None	
3.28346226811	3.28333333333	-0.8	-0.8	0.0	3.29953888468	None	None	
3.29995725439	3.3	-0.8	-0.8	0.0	3.31656246271	None	None	
3.31690616587	3.31666666667	-0.8	-0.8	0.0	3.33269122735	None	None	
3.33303216509	3.33333333333	0.8	0.8	0.0	3.34929683074	None	None	
3.34968083013	3.35	0.8	0.8	0.0	3.36647843322	None	None	
3.36677670435	3.36666666667	0.8	0.8	0.0	3.38285608635	None	None	
3.38318635743	3.38333333333	0.8	0.8	0.0	3.39959047966	None	None	
3.4000207012	3.4	0.8	0.8	0.0	3.41665790947	None	None	
3.41702413112	3.41666666667	-0.8	-0.8	0.0	3.43258914356	None	None	
3.43302213053	3.43333333333	-0.8	-0.8	0.0	3.44989519029	None	None	
3.45024995516	3.45	-0.8	-0.8	0.0	3.46614760906	None	None	
3.46645536165	3.46666666667	-0.8	-0.8	0.0	3.48281010124	None	None	
3.48314274268	3.48333333333	-0.8	-0.8	0.0	3.49951367978	None	None	
3.49988977794	3.5	0.8	0.8	0.0	3.51640688765	None	None	
3.51678061545	3.51666666667	0.8	0.8	0.0	3.53265061507	None	None	
3.53304409592	3.53333333333	0.8	0.8	0.0	3.54973937818	None	None	
3.55003053822	3.55	0.8	0.8	0.0	3.56652710475	None	None	
3.56682103021	3.56666666667	0.8	0.8	0.0	3.58258910406	None	None	
3.58295256027	3.58333333333	-0.8	-0.8	0.0	3.5996197932	None	None	
3.59991174335	3.6	-0.8	-0.8	0.0	3.6165390751	None	None	
3.61683418574	3.61666666667	-0.8	-0.8	0.0	3.63323830797	None	None	
3.63364561596	3.63333333333	-0.8	-0.8	0.0	3.64966889929	None	None	
3.6499825778	3.65	-0.8	-0.8	0.0	3.66616665099	None	None	
3.66651035416	3.66666666667	0.8	0.8	0.0	3.68310450077	None	None	
3.68343872247	3.68333333333	0.8	0.8	0.0	3.69933479611	None	None	
3.69974131399	3.7	0.8	0.8	0.0	3.71661516387	None	None	
3.71696518801	3.71666666667	0.8	0.8	0.0	3.7326688669	None	None	
3.73304457001	3.73333333333	0.8	0.8	0.0	3.74976592629	None	None	
3.75005708633	3.75	-0.8	-0.8	0.0	3.76610762886	None	None	
3.76648767764	3.76666666667	-0.8	-0.8	0.0	3.78337061394	None	None	
3.7837609343	3.78333333333	-0.8	-0.8	0.0	3.79944169965	None	None	
3.79986085948	3.8	-0.8	-0.8	0.0	3.81644394438	None	None	
3.81673865997	3.81666666667	-0.8	-0.8	0.0	3.83319532532	None	None	
3.83353902848	3.83333333333	0.8	0.8	0.0	3.84973060784	None	None	
3.85003480488	3.85	0.8	0.8	0.0	3.86654322324	None	None	
3.86686954371	3.86666666667	0.8	0.8	0.0	3.88276640748	None	None	
3.88306467861	3.88333333333	0.8	0.8	0.0	3.90000608393	None	None	
3.90030396001	3.9	0.8	0.8	0.0	3.91648724308	None	None	
3.91697079787	3.91666666667	-0.8	-0.8	0.0	3.93317699448	None	None	
3.93355783338	3.93333333333	-0.8	-0.8	0.0	3.94944363544	None	None	
3.94980551141	3.95	-0.8	-0.8	0.0	3.96672005259	None	None	
3.96704795331	3.96666666667	-0.8	-0.8	0.0	3.98299222441	None	None	
3.98337345837	3.98333333333	-0.8	-0.8	0.0	3.99980286451	None	None	
4.00011693808	4.0	0.8	0.8	1.0	4.01591898719	4.68358647532	None	
4.01630851744	4.01666666667	0.8	0.8	1.0	4.03288725668	None	None	
4.03322977465	4.03333333333	0.8	0.8	1.0	4.04924910735	None	None	
4.04959873644	4.05	0.8	0.8	1.0	4.06619762379	None	None	
4.06654725286	4.06666666667	0.8	0.8	1.0	4.08280362224	None	None	
4.08317497968	4.08333333333	-0.8	-0.8	0.0	4.09944201569	4.76710910877	[4.683586475322954, 4.767109108768636, 0.083522633445682, 4.016666666666667, 4.083333333333333, 0.06666666666666643]	
4.09988645943	4.1	-0.8	-0.8	0.0	4.11604880427	None	None	
4.11636524821	4.11666666667	-0.8	-0.8	0.0	4.13310714767	None	None	
4.13356462844	4.13333333333	-0.8	-0.8	0.0	4.1495468254	None	None	
4.14986050392	4.15	-0.8	-0.8	0.0	4.16594936738	None	None	
4.16624092248	4.16666666667	0.8	0.8	0.0	4.18296583432	None	None	
4.1832941301	4.18333333333	0.8	0.8	0.0	4.19925499377	None	None	
4.19970141281	4.2	0.8	0.8	0.0	4.21659383057	None	None	
4.21699639782	4.21666666667	0.8	0.8	0.0	4.2325997312	None	None	
4.23298689107	4.23333333333	0.8	0.8	0.0	4.24959565495	None	None	
4.24992316062	4.25	-0.8	-0.8	0.0	4.26659592439	None	None	
4.2669198745	4.26666666667	-0.8	-0.8	0.0	4.2829921454	None	None	
4.28330819428	4.28333333333	-0.8	-0.8	0.0	4.29980831635	None	None	
4.30020653794	4.3	-0.8	-0.8	0.0	4.31651861093	None	None	
4.31688799306	4.31666666667	-0.8	-0.8	0.0	4.3331498933	None	None	
4.33353547294	4.33333333333	0.8	0.8	0.0	4.34961643517	None	None	
4.34992655813	4.35	0.8	0.8	0.0	4.36601265617	None	None	
4.36638085313	4.36666666667	0.8	0.8	0.0	4.38296551828	None	None	
4.38325588818	4.38333333333	0.8	0.8	0.0	4.39988835574	None	None	
4.4002786761	4.4	0.8	0.8	0.0	4.4159203304	None	None	
4.41627944093	4.41666666667	-0.8	-0.8	0.0	4.43287437767	None	None	
4.433257982	4.43333333333	-0.8	-0.8	0.0	4.44963800551	None	None	
4.45006743693	4.45	-0.8	-0.8	0.0	4.46627639896	None	None	
4.46661654658	4.46666666667	-0.8	-0.8	0.0	4.4832837795	None	None	
4.4836768653	4.48333333333	-0.8	-0.8	0.0	4.49959308706	None	None	
4.49995575316	4.5	0.8	0.8	0.0	4.51627098663	None	None	
4.5166206157	4.51666666667	0.8	0.8	0.0	4.53260202255	None	None	
4.53298562688	4.53333333333	0.8	0.8	0.0	4.54942293424	None	None	
4.54975399545	4.55	0.8	0.8	0.0	4.56619801885	None	None	
4.56663851197	4.56666666667	0.8	0.8	0.0	4.58261991882	None	None	
4.58300312809	4.58333333333	-0.8	-0.8	0.0	4.59938038616	None	None	
4.59973633621	4.6	-0.8	-0.8	0.0	4.61595715009	None	None	
4.61632653222	4.61666666667	-0.8	-0.8	0.0	4.63254339549	None	None	
4.63285391351	4.63333333333	-0.8	-0.8	0.0	4.64923630738	None	None	
4.64964677587	4.65	-0.8	-0.8	0.0	4.66601297223	None	None	
4.6665119344	4.66666666667	0.8	0.8	0.0	4.68236139083	None	None	
4.68272721741	4.68333333333	0.8	0.8	0.0	4.69916254947	None	None	
4.69950941311	4.7	0.8	0.8	0.0	4.71582938732	None	None	
4.71616202878	4.71666666667	0.8	0.8	0.0	4.73247607707	None	None	
4.7328343975	4.73333333333	0.8	0.8	0.0	4.74973866707	None	None	
4.75008632086	4.75	-0.8	-0.8	0.0	4.76594565381	None	None	
4.76629646808	4.76666666667	-0.8	-0.8	0.0	4.78246118326	None	None	
4.78275787416	4.78333333333	-0.8	-0.8	0.0	4.79942273672	None	None	
4.79975774852	4.8	-0.8	-0.8	0.0	4.81600345125	None	None	
4.81634675935	4.81666666667	-0.8	-0.8	0.0	4.8325932522	None	None	
4.83297172074	4.83333333333	0.8	0.8	0.0	4.84945485518	None	None	
4.84983292865	4.85	0.8	0.8	0.0	4.8660885079	None	None	
4.86642430985	4.86666666667	0.8	0.8	0.0	4.88294734547	None	None	
4.88324206104	4.88333333333	0.8	0.8	0.0	4.89947749219	None	None	
4.8999282569	4.9	0.8	0.8	0.0	4.9168242302	None	None	
4.91713277293	4.91666666667	-0.8	-0.8	0.0	4.93285146414	None	None	
4.93320148827	4.93333333333	-0.8	-0.8	0.0	4.9496696104	None	None	
4.9501144492	4.95	-0.8	-0.8	0.0	4.96611679428	None	None	
4.96652528747	4.96666666667	-0.8	-0.8	0.0	4.98255884237	None	None	
4.98290689121	4.98333333333	-0.8	-0.8	0.0	4.99977560529	None	None	
5.00008572826	5.0	0.8	0.8	0.0	5.01648431963	None	None	
5.01681498578	5.01666666667	0.8	0.8	0.0	5.03269170142	None	None	
5.03304133051	5.03333333333	0.8	0.8	0.0	5.04929967519	None	None	
5.04964653883	5.05	0.8	0.8	0.0	5.06670725261	None	None	
5.0670181657	5.06666666667	0.8	0.8	0.0	5.08305488109	None	None	
5.08351947296	5.08333333333	-0.8	-0.8	0.0	5.09918522598	None	None	
5.09958779324	5.1	-0.8	-0.8	0.0	5.11604050799	None	None	
5.1164091	5.11666666667	-0.8	-0.8	0.0	5.13256512384	None	None	
5.13291712329	5.13333333333	-0.8	-0.8	0.0	5.14942198609	None	None	
5.14976568926	5.15	-0.8	-0.8	0.0	5.16600072532	None	None	
5.16638077411	5.16666666667	0.8	0.8	0.0	5.18251427948	None	None	
5.18286074807	5.18333333333	0.8	0.8	0.0	5.19904403113	None	None	
5.19956116613	5.2	0.8	0.8	0.0	5.21576696767	None	None	
5.2161596584	5.21666666667	0.8	0.8	0.0	5.23279844693	None	None	
5.2333219029	5.23333333333	0.8	0.8	0.0	5.24919545806	None	None	
5.24958972904	5.25	-0.8	-0.8	0.0	5.26598832042	None	None	
5.26633044332	5.26666666667	-0.8	-0.8	0.0	5.28275392354	None	None	
5.28308775018	5.28333333333	-0.8	-0.8	0.0	5.29892258935	None	None	
5.29955231675	5.3	-0.8	-0.8	0.0	5.31598172289	None	None	
5.31651821587	5.31666666667	-0.8	-0.8	0.0	5.33232421559	None	None	
5.33264026447	5.33333333333	0.8	0.8	0.0	5.34910167055	None	None	
5.34945643542	5.35	0.8	0.8	0.0	5.36577285409	None	None	
5.36627458168	5.36666666667	0.8	0.8	0.0	5.3823772723	None	None	
5.38271702484	5.38333333333	0.8	0.8	0.0	5.39911245572	None	None	
5.39951581311	5.4	0.8	0.8	0.0	5.41591440448	None	None	
5.41625060148	5.41666666667	-0.8	-0.8	0.0	5.43260573613	None	None	
5.43293245166	5.43333333333	-0.8	-0.8	0.0	5.4497213634	None	None	
5.45008521467	5.45	-0.8	-0.8	0.0	5.4660302759	None	None	
5.46639768273	5.46666666667	-0.8	-0.8	0.0	5.48287647151	None	None	
5.48324308821	5.48333333333	-0.8	-0.8	0.0	5.49937856889	None	None	
5.49972898808	5.5	0.8	0.8	0.0	5.51598614757	None	None	
5.51635671488	5.51666666667	0.8	0.8	0.0	5.53276241737	None	None	
5.5331053304	5.53333333333	0.8	0.8	0.0	5.54934905782	None	None	
5.54977532875	5.55	0.8	0.8	0.0	5.56607436472	None	None	
5.56645322831	5.56666666667	0.8	0.8	0.0	5.58283838761	None	None	
5.58324530054	5.58333333333	-0.8	-0.8	0.0	5.59954275627	None	None	
5.59985920021	5.6	-0.8	-0.8	0.0	5.61601680431	None	None	
5.61636406303	5.61666666667	-0.8	-0.8	0.0	5.63247900053	None	None	
5.63283179009	5.63333333333	-0.8	-0.8	0.0	5.64932164058	None	None	
5.64974001028	5.65	-0.8	-0.8	0.0	5.66595173776	None	None	
5.66634087294	5.66666666667	0.8	0.8	0.0	5.68287576039	None	None	
5.68335457444	5.68333333333	0.8	0.8	0.0	5.69918783338	None	None	
5.6995461538	5.7	0.8	0.8	0.0	5.71598346117	None	None	
5.71633704085	5.71666666667	0.8	0.8	0.0	5.73292052081	None	None	
5.73327449556	5.73333333333	0.8	0.8	0.0	5.74949451932	None	None	
5.74982321015	5.75	-0.8	-0.8	0.0	5.76597923401	None	None	
5.76639562841	5.76666666667	-0.8	-0.8	0.0	5.78280449136	None	None	
5.78309723164	5.78333333333	-0.8	-0.8	0.0	5.7994705391	None	None	
5.79982964965	5.8	-0.8	-0.8	0.0	5.81638705559	None	None	
5.8167951537	5.81666666667	-0.8	-0.8	0.0	5.83265843728	None	None	
5.83307522674	5.83333333333	0.8	0.8	0.0	5.84922729999	None	None	
5.84969623752	5.85	0.8	0.8	0.0	5.86614026091	None	None	
5.86642944564	5.86666666667	0.8	0.8	0.0	5.88249500049	None	None	
5.88286438263	5.88333333333	0.8	0.8	0.0	5.89933289982	None	None	
5.89973546709	5.9	0.8	0.8	0.0	5.91651608254	None	None	
5.91683252649	5.91666666667	-0.8	-0.8	0.0	5.93306400701	None	None	
5.93352780874	5.93333333333	-0.8	-0.8	0.0	5.94922398147	None	None	
5.94966882028	5.95	-0.8	-0.8	0.0	5.96619541144	None	None	
5.96661812683	5.96666666667	-0.8	-0.8	0.0	5.98245257094	None	None	
5.98276269391	5.98333333333	-0.8	-0.8	0.0	5.99925017402	None	None	
5.99968869185	6.0	0.8	0.8	1.0	6.01584116014	6.68350746311	None	
6.01635829514	6.01666666667	0.8	0.8	1.0	6.03297535529	None	None	
6.03327046594	6.03333333333	0.8	0.8	1.0	6.0498823903	None	None	
6.0502095009	6.05	0.8	0.8	1.0	6.0660399944	None	None	
6.06637816671	6.06666666667	0.8	0.8	1.0	6.08289646159	None	None	
6.08320579444	6.08333333333	-0.8	-0.8	0.0	6.09994453342	6.76761162649	[6.683507463108981, 6.767611626491998, 0.0841041633830173, 6.016666666666667, 6.083333333333333, 0.06666666666666643]	
6.1003976685	6.1	-0.8	-0.8	0.0	6.11581966882	None	None	
6.11621591511	6.11666666667	-0.8	-0.8	0.0	6.13276779019	None	None	
6.13310477731	6.13333333333	-0.8	-0.8	0.0	6.1491964062	None	None	
6.14962939317	6.15	-0.8	-0.8	0.0	6.16618521887	None	None	
6.16647558878	6.16666666667	0.8	0.8	0.0	6.18286074807	None	None	
6.1832068216	6.18333333333	0.8	0.8	0.0	6.19917479636	None	None	
6.19960383272	6.2	0.8	0.8	0.0	6.21635481859	None	None	
6.21665111443	6.21666666667	0.8	0.8	0.0	6.23296950839	None	None	
6.23341197683	6.23333333333	0.8	0.8	0.0	6.24964108698	None	None	
6.24993422233	6.25	-0.8	-0.8	0.0	6.26615108558	None	None	
6.26645883819	6.26666666667	-0.8	-0.8	0.0	6.28278631855	None	None	
6.28311935507	6.28333333333	-0.8	-0.8	0.0	6.29975261273	None	None	
6.3000963159	6.3	-0.8	-0.8	0.0	6.31582488363	None	None	
6.31621954967	6.31666666667	-0.8	-0.8	0.0	6.3326236719	None	None	
6.33291601711	6.33333333333	0.8	0.8	0.0	6.34975668187	None	None	
6.35010473069	6.35	0.8	0.8	0.0	6.36629749523	None	None	
6.36658826021	6.36666666667	0.8	0.8	0.0	6.38301371573	None	None	
6.38340285092	6.38333333333	0.8	0.8	0.0	6.3997007017	None	None	
6.40002741724	6.4	0.8	0.8	0.0	6.41602660183	None	None	
6.41634857663	6.41666666667	-0.8	-0.8	0.0	6.43266578541	None	None	
6.43298262442	6.43333333333	-0.8	-0.8	0.0	6.44935316645	None	None	
6.44983593113	6.45	-0.8	-0.8	0.0	6.46592123904	None	None	
6.46627955946	6.46666666667	-0.8	-0.8	0.0	6.48278363213	None	None	
6.48310679212	6.48333333333	-0.8	-0.8	0.0	6.4991356063	None	None	
6.49949787733	6.5	0.8	0.8	0.0	6.51654239361	None	None	
6.51684026969	6.51666666667	0.8	0.8	0.0	6.53299550341	None	None	
6.53330957699	6.53333333333	0.8	0.8	0.0	6.54928900853	None	None	
6.54967814371	6.55	0.8	0.8	0.0	6.56602735244	None	None	
6.56638646299	6.56666666667	0.8	0.8	0.0	6.58279453583	None	None	
6.58308767117	6.58333333333	-0.8	-0.8	0.0	6.5992997937	None	None	
6.59976241025	6.6	-0.8	-0.8	0.0	6.61596189083	None	None	
6.6163044088	6.61666666667	-0.8	-0.8	0.0	6.63265203728	None	None	
6.63306803664	6.63333333333	-0.8	-0.8	0.0	6.64937457876	None	None	
6.64975146706	6.65	-0.8	-0.8	0.0	6.66578502196	None	None	
6.66616428063	6.66666666667	0.8	0.8	0.0	6.68269521746	None	None	
6.68303971076	6.68333333333	0.8	0.8	0.0	6.69948373415	None	None	
